<?xml version="1.0" encoding="UTF-8"?>
<!-- Generated by org.testng.reporters.JUnitReportReporter -->
<testsuite skipped="0" hostname="HMECL002868" name="RestAssuredAPI.RestAssuredAPI.TC002_POST_Request" tests="1" failures="0" timestamp="25 Feb 2020 09:55:03 GMT" time="1.400" errors="0">
  <testcase name="RegistrationCustomer" time="1.400" classname="RestAssuredAPI.RestAssuredAPI.TC002_POST_Request"/>
</testsuite> <!-- RestAssuredAPI.RestAssuredAPI.TC002_POST_Request -->
