<?xml version="1.0" encoding="UTF-8"?>
<!-- Generated by org.testng.reporters.JUnitReportReporter -->
<testsuite skipped="0" hostname="HMECL002868" name="RestAssuredAPI.RestAssuredAPI.TC005_GET_Request" tests="1" failures="0" timestamp="25 Feb 2020 09:55:03 GMT" time="2.092" errors="0">
  <testcase name="ValidateJsonResponse" time="2.092" classname="RestAssuredAPI.RestAssuredAPI.TC005_GET_Request"/>
</testsuite> <!-- RestAssuredAPI.RestAssuredAPI.TC005_GET_Request -->
