<?xml version="1.0" encoding="UTF-8"?>
<!-- Generated by org.testng.reporters.JUnitReportReporter -->
<testsuite skipped="0" hostname="HMECL002868" name="RestAssuredAPI.RestAssuredAPI.TC001_GET_Request" tests="1" failures="0" timestamp="25 Feb 2020 09:55:03 GMT" time="1.576" errors="0">
  <testcase name="getwheatherdetails" time="1.576" classname="RestAssuredAPI.RestAssuredAPI.TC001_GET_Request"/>
</testsuite> <!-- RestAssuredAPI.RestAssuredAPI.TC001_GET_Request -->
