<?xml version="1.0" encoding="UTF-8"?>
<!-- Generated by org.testng.reporters.JUnitReportReporter -->
<testsuite skipped="0" hostname="HMECL002868" name="DataDriven.DtatDrivenAPI" tests="10" failures="0" timestamp="25 Feb 2020 09:53:17 GMT" time="13.361" errors="0">
  <testcase name="TestdataEmployee" time="1.070" classname="DataDriven.DtatDrivenAPI"/>
  <testcase name="TestdataEmployee" time="1.001" classname="DataDriven.DtatDrivenAPI"/>
  <testcase name="TestdataEmployee" time="1.022" classname="DataDriven.DtatDrivenAPI"/>
  <testcase name="TestdataEmployee" time="1.264" classname="DataDriven.DtatDrivenAPI"/>
  <testcase name="TestdataEmployee" time="2.761" classname="DataDriven.DtatDrivenAPI"/>
  <testcase name="TestdataEmployee" time="1.082" classname="DataDriven.DtatDrivenAPI"/>
  <testcase name="TestdataEmployee" time="1.037" classname="DataDriven.DtatDrivenAPI"/>
  <testcase name="TestdataEmployee" time="1.046" classname="DataDriven.DtatDrivenAPI"/>
  <testcase name="TestdataEmployee" time="1.023" classname="DataDriven.DtatDrivenAPI"/>
  <testcase name="TestdataEmployee" time="2.055" classname="DataDriven.DtatDrivenAPI"/>
</testsuite> <!-- DataDriven.DtatDrivenAPI -->
